./s02_check_clinvar.sh
Fri  2 Apr 12:25:35 UTC 2021

bcftools 1.11
Using htslib 1.11
Copyright (C) 2020 Genome Research Ltd.
License Expat: The MIT/Expat license
This is free software: you are free to change and redistribute it.
There is NO WARRANTY, to the extent permitted by law.

data_vcf: /home/share/data/s03_annotate/zhang_hg38.bwa.QC.MA-flag.MA-split.ID.vcf.gz
clinvar_vcf: /home/share/resources/ClinVar/GRCh38/v_20210110/clinvar_20210110.vcf.gz

Contig names in data:

456
##contig=<ID=chr1,length=248956422>
##contig=<ID=chr2,length=242193529>
##contig=<ID=chr3,length=198295559>
##contig=<ID=chr4,length=190214555>
##contig=<ID=chr5,length=181538259>
##contig=<ID=chr6,length=170805979>
##contig=<ID=chr7,length=159345973>
##contig=<ID=chr8,length=145138636>
##contig=<ID=chr9,length=138394717>
##contig=<ID=chr10,length=133797422>
##contig=<ID=chr11,length=135086622>
##contig=<ID=chr12,length=133275309>
##contig=<ID=chr13,length=114364328>
##contig=<ID=chr14,length=107043718>
##contig=<ID=chr15,length=101991189>
##contig=<ID=chr16,length=90338345>
##contig=<ID=chr17,length=83257441>
##contig=<ID=chr18,length=80373285>
##contig=<ID=chr19,length=58617616>
##contig=<ID=chr20,length=64444167>
##contig=<ID=chr21,length=46709983>
##contig=<ID=chr22,length=50818468>
##contig=<ID=chrX,length=156040895>
##contig=<ID=chrY,length=57227415>
##contig=<ID=chrM,length=16569>
##contig=<ID=chr1_KI270706v1_random,length=175055>
##contig=<ID=chr1_KI270707v1_random,length=32032>
##contig=<ID=chr1_KI270708v1_random,length=127682>
##contig=<ID=chr1_KI270709v1_random,length=66860>
##contig=<ID=chr1_KI270710v1_random,length=40176>
...
##contig=<ID=chr3_KI270936v1_alt,length=164170>
##contig=<ID=chr6_GL000255v2_alt,length=4606388>
##contig=<ID=chr19_GL949751v2_alt,length=1002683>
##contig=<ID=chr3_KI270937v1_alt,length=165607>
##contig=<ID=chr6_GL000256v2_alt,length=4929269>
##contig=<ID=chr19_GL949752v1_alt,length=987100>
##contig=<ID=chr6_KI270758v1_alt,length=76752>
##contig=<ID=chr19_GL949753v2_alt,length=796479>
##contig=<ID=chr19_KI270938v1_alt,length=1066800>
##contig=<ID=chrEBV,length=171823>

Contig names in ClinVar:

26
##contig=<ID=1>
##contig=<ID=2>
##contig=<ID=3>
##contig=<ID=4>
##contig=<ID=5>
##contig=<ID=6>
##contig=<ID=7>
##contig=<ID=8>
##contig=<ID=9>
##contig=<ID=10>
##contig=<ID=11>
##contig=<ID=12>
##contig=<ID=13>
##contig=<ID=14>
##contig=<ID=15>
##contig=<ID=16>
##contig=<ID=17>
##contig=<ID=18>
##contig=<ID=19>
##contig=<ID=20>
##contig=<ID=21>
##contig=<ID=22>
##contig=<ID=X>
##contig=<ID=Y>
##contig=<ID=MT>
##contig=<ID=NW_009646201.1>

Reference in data:

##reference=file:///data/Resources/References/hg38.bwa/hg38.bwa.fa

Reference in ClinVar:

##reference=GRCh38

Done
Fri  2 Apr 12:25:36 UTC 2021
