./s03_rename_clinvar_chr.sh
Fri  2 Apr 12:39:58 UTC 2021

bcftools 1.11
Using htslib 1.11
Copyright (C) 2020 Genome Research Ltd.
License Expat: The MIT/Expat license
This is free software: you are free to change and redistribute it.
There is NO WARRANTY, to the extent permitted by law.

initial_clinvar_vcf: /home/share/resources/ClinVar/GRCh38/v_20210110/clinvar_20210110.vcf.gz
updated_clinvar_vcf: /home/share/data/s03_annotate/clinvar_20210110.chr.vcf.gz
chromosomes_translation_file: /home/share/scripts/s03_annotate/s03_clinvar_chr_translation.txt

--- Contigs in public ClinVar VCF header ---

##contig=<ID=1>
##contig=<ID=2>
##contig=<ID=3>
##contig=<ID=4>
##contig=<ID=5>
##contig=<ID=6>
##contig=<ID=7>
##contig=<ID=8>
##contig=<ID=9>
##contig=<ID=10>
##contig=<ID=11>
##contig=<ID=12>
##contig=<ID=13>
##contig=<ID=14>
##contig=<ID=15>
##contig=<ID=16>
##contig=<ID=17>
##contig=<ID=18>
##contig=<ID=19>
##contig=<ID=20>
##contig=<ID=21>
##contig=<ID=22>
##contig=<ID=X>
##contig=<ID=Y>
##contig=<ID=MT>
##contig=<ID=NW_009646201.1>

--- Number of records in public ClinVar VCF ---

786715

--- Contigs in GEL VCF ---

##contig=<ID=chr1,length=248956422>
##contig=<ID=chr2,length=242193529>
##contig=<ID=chr3,length=198295559>
##contig=<ID=chr4,length=190214555>
##contig=<ID=chr5,length=181538259>
##contig=<ID=chr6,length=170805979>
##contig=<ID=chr7,length=159345973>
##contig=<ID=chr8,length=145138636>
##contig=<ID=chr9,length=138394717>
##contig=<ID=chr10,length=133797422>
##contig=<ID=chr11,length=135086622>
##contig=<ID=chr12,length=133275309>
##contig=<ID=chr13,length=114364328>
##contig=<ID=chr14,length=107043718>
##contig=<ID=chr15,length=101991189>
##contig=<ID=chr16,length=90338345>
##contig=<ID=chr17,length=83257441>
##contig=<ID=chr18,length=80373285>
##contig=<ID=chr19,length=58617616>
##contig=<ID=chr20,length=64444167>
##contig=<ID=chr21,length=46709983>
##contig=<ID=chr22,length=50818468>
##contig=<ID=chrX,length=156040895>
##contig=<ID=chrY,length=57227415>
##contig=<ID=chrM,length=16569>
##contig=<ID=chr1_KI270706v1_random,length=175055>
##contig=<ID=chr1_KI270707v1_random,length=32032>
...

--- Translation file ---

1	chr1
2	chr2
3	chr3
4	chr4
5	chr5
6	chr6
7	chr7
8	chr8
9	chr9
10	chr10
11	chr11
12	chr12
13	chr13
14	chr14
15	chr15
16	chr16
17	chr17
18	chr18
19	chr19
20	chr20
21	chr21
22	chr22
X	chrX
Y	chrY
MT	chrM

Updating ClinVar VCF ...

Indexing ...

--- Contigs in the updated ClinVar VCF header ---

##contig=<ID=chr1>
##contig=<ID=chr2>
##contig=<ID=chr3>
##contig=<ID=chr4>
##contig=<ID=chr5>
##contig=<ID=chr6>
##contig=<ID=chr7>
##contig=<ID=chr8>
##contig=<ID=chr9>
##contig=<ID=chr10>
##contig=<ID=chr11>
##contig=<ID=chr12>
##contig=<ID=chr13>
##contig=<ID=chr14>
##contig=<ID=chr15>
##contig=<ID=chr16>
##contig=<ID=chr17>
##contig=<ID=chr18>
##contig=<ID=chr19>
##contig=<ID=chr20>
##contig=<ID=chr21>
##contig=<ID=chr22>
##contig=<ID=chrX>
##contig=<ID=chrY>
##contig=<ID=chrM>
##contig=<ID=NW_009646201.1>

--- Number of records in updated ClinVar VCF ---

786715

Done
Fri  2 Apr 12:40:14 UTC 2021
