./s05_update_chromosomes_in_header.sh
Fri  2 Apr 13:27:50 UTC 2021

bcftools 1.11
Using htslib 1.11
Copyright (C) 2020 Genome Research Ltd.
License Expat: The MIT/Expat license
This is free software: you are free to change and redistribute it.
There is NO WARRANTY, to the extent permitted by law.

source_vcf: /home/share/data/s03_annotate/zhang_hg38.bwa.QC.MA-flag.MA-split.ID.std-Chr.vcf.gz
output_vcf: /home/share/data/s03_annotate/zhang_hg38.bwa.QC.MA-flag.MA-split.ID.std-Chr.Reheaded.vcf.gz

Reheading ...

Indexing ...

Number of contigs in source vcf header:
456

Number of contigs in output vcf header:
25

Contigs in source vcf:
##contig=<ID=chr1,length=248956422>
##contig=<ID=chr2,length=242193529>
##contig=<ID=chr3,length=198295559>
##contig=<ID=chr4,length=190214555>
##contig=<ID=chr5,length=181538259>
##contig=<ID=chr6,length=170805979>
##contig=<ID=chr7,length=159345973>
##contig=<ID=chr8,length=145138636>
##contig=<ID=chr9,length=138394717>
##contig=<ID=chr10,length=133797422>
##contig=<ID=chr11,length=135086622>
##contig=<ID=chr12,length=133275309>
##contig=<ID=chr13,length=114364328>
##contig=<ID=chr14,length=107043718>
##contig=<ID=chr15,length=101991189>
##contig=<ID=chr16,length=90338345>
##contig=<ID=chr17,length=83257441>
##contig=<ID=chr18,length=80373285>
##contig=<ID=chr19,length=58617616>
##contig=<ID=chr20,length=64444167>
##contig=<ID=chr21,length=46709983>
##contig=<ID=chr22,length=50818468>
##contig=<ID=chrX,length=156040895>
##contig=<ID=chrY,length=57227415>
##contig=<ID=chrM,length=16569>
##contig=<ID=chr1_KI270706v1_random,length=175055>
##contig=<ID=chr1_KI270707v1_random,length=32032>
##contig=<ID=chr1_KI270708v1_random,length=127682>
##contig=<ID=chr1_KI270709v1_random,length=66860>
##contig=<ID=chr1_KI270710v1_random,length=40176>
...

Contigs in output vcf:
##contig=<ID=chr1,length=248956422>
##contig=<ID=chr2,length=242193529>
##contig=<ID=chr3,length=198295559>
##contig=<ID=chr4,length=190214555>
##contig=<ID=chr5,length=181538259>
##contig=<ID=chr6,length=170805979>
##contig=<ID=chr7,length=159345973>
##contig=<ID=chr8,length=145138636>
##contig=<ID=chr9,length=138394717>
##contig=<ID=chr10,length=133797422>
##contig=<ID=chr11,length=135086622>
##contig=<ID=chr12,length=133275309>
##contig=<ID=chr13,length=114364328>
##contig=<ID=chr14,length=107043718>
##contig=<ID=chr15,length=101991189>
##contig=<ID=chr16,length=90338345>
##contig=<ID=chr17,length=83257441>
##contig=<ID=chr18,length=80373285>
##contig=<ID=chr19,length=58617616>
##contig=<ID=chr20,length=64444167>
##contig=<ID=chr21,length=46709983>
##contig=<ID=chr22,length=50818468>
##contig=<ID=chrX,length=156040895>
##contig=<ID=chrY,length=57227415>
##contig=<ID=chrM,length=16569>

Done
Fri  2 Apr 13:27:53 UTC 2021
